2015-07-22 13:02:48 Notice: Notice (8): Undefined variable: fieldName in [C:\wamp\www\miner\vendor\cakephp\cakephp\src\View\Helper\FormHelper.php, line 1003]
Trace:
Cake\Error\BaseErrorHandler::handleError() - CORE\src\Error\BaseErrorHandler.php, line 139
Cake\View\Helper\FormHelper::input() - CORE\src\View\Helper\FormHelper.php, line 1003
include - APP/Template\BuscarDesenvolvedoresGithub\index.ctp, line 9
Cake\View\View::_evaluate() - CORE\src\View\View.php, line 834
Cake\View\View::_render() - CORE\src\View\View.php, line 794
Cake\View\View::render() - CORE\src\View\View.php, line 465
Cake\Controller\Controller::render() - CORE\src\Controller\Controller.php, line 582
Cake\Routing\Dispatcher::_invoke() - CORE\src\Routing\Dispatcher.php, line 120
Cake\Routing\Dispatcher::dispatch() - CORE\src\Routing\Dispatcher.php, line 87
[main] - ROOT\webroot\index.php, line 37



2015-07-22 13:02:48 Notice: Notice (8): Undefined variable: fieldName in [C:\wamp\www\miner\vendor\cakephp\cakephp\src\View\Helper\FormHelper.php, line 1004]
Trace:
Cake\Error\BaseErrorHandler::handleError() - CORE\src\Error\BaseErrorHandler.php, line 139
Cake\View\Helper\FormHelper::input() - CORE\src\View\Helper\FormHelper.php, line 1004
include - APP/Template\BuscarDesenvolvedoresGithub\index.ctp, line 9
Cake\View\View::_evaluate() - CORE\src\View\View.php, line 834
Cake\View\View::_render() - CORE\src\View\View.php, line 794
Cake\View\View::render() - CORE\src\View\View.php, line 465
Cake\Controller\Controller::render() - CORE\src\Controller\Controller.php, line 582
Cake\Routing\Dispatcher::_invoke() - CORE\src\Routing\Dispatcher.php, line 120
Cake\Routing\Dispatcher::dispatch() - CORE\src\Routing\Dispatcher.php, line 87
[main] - ROOT\webroot\index.php, line 37



2015-07-22 13:02:48 Notice: Notice (8): Undefined variable: fieldName in [C:\wamp\www\miner\vendor\cakephp\cakephp\src\View\Helper\FormHelper.php, line 1019]
Trace:
Cake\Error\BaseErrorHandler::handleError() - CORE\src\Error\BaseErrorHandler.php, line 139
Cake\View\Helper\FormHelper::input() - CORE\src\View\Helper\FormHelper.php, line 1019
include - APP/Template\BuscarDesenvolvedoresGithub\index.ctp, line 9
Cake\View\View::_evaluate() - CORE\src\View\View.php, line 834
Cake\View\View::_render() - CORE\src\View\View.php, line 794
Cake\View\View::render() - CORE\src\View\View.php, line 465
Cake\Controller\Controller::render() - CORE\src\Controller\Controller.php, line 582
Cake\Routing\Dispatcher::_invoke() - CORE\src\Routing\Dispatcher.php, line 120
Cake\Routing\Dispatcher::dispatch() - CORE\src\Routing\Dispatcher.php, line 87
[main] - ROOT\webroot\index.php, line 37



2015-07-22 13:02:48 Notice: Notice (8): Undefined variable: fieldName in [C:\wamp\www\miner\vendor\cakephp\cakephp\src\View\Helper\FormHelper.php, line 1037]
Trace:
Cake\Error\BaseErrorHandler::handleError() - CORE\src\Error\BaseErrorHandler.php, line 139
Cake\View\Helper\FormHelper::input() - CORE\src\View\Helper\FormHelper.php, line 1037
include - APP/Template\BuscarDesenvolvedoresGithub\index.ctp, line 9
Cake\View\View::_evaluate() - CORE\src\View\View.php, line 834
Cake\View\View::_render() - CORE\src\View\View.php, line 794
Cake\View\View::render() - CORE\src\View\View.php, line 465
Cake\Controller\Controller::render() - CORE\src\Controller\Controller.php, line 582
Cake\Routing\Dispatcher::_invoke() - CORE\src\Routing\Dispatcher.php, line 120
Cake\Routing\Dispatcher::dispatch() - CORE\src\Routing\Dispatcher.php, line 87
[main] - ROOT\webroot\index.php, line 37



2015-07-22 13:02:48 Notice: Notice (8): Undefined variable: fieldName in [C:\wamp\www\miner\vendor\cakephp\cakephp\src\View\Helper\FormHelper.php, line 1045]
Trace:
Cake\Error\BaseErrorHandler::handleError() - CORE\src\Error\BaseErrorHandler.php, line 139
Cake\View\Helper\FormHelper::input() - CORE\src\View\Helper\FormHelper.php, line 1045
include - APP/Template\BuscarDesenvolvedoresGithub\index.ctp, line 9
Cake\View\View::_evaluate() - CORE\src\View\View.php, line 834
Cake\View\View::_render() - CORE\src\View\View.php, line 794
Cake\View\View::render() - CORE\src\View\View.php, line 465
Cake\Controller\Controller::render() - CORE\src\Controller\Controller.php, line 582
Cake\Routing\Dispatcher::_invoke() - CORE\src\Routing\Dispatcher.php, line 120
Cake\Routing\Dispatcher::dispatch() - CORE\src\Routing\Dispatcher.php, line 87
[main] - ROOT\webroot\index.php, line 37



2015-07-25 02:35:41 Notice: Notice (8): Undefined variable: user in [C:\wamp\www\miner\src\Template\Users\index.ctp, line 4]
Trace:
Cake\Error\BaseErrorHandler::handleError() - CORE\src\Error\BaseErrorHandler.php, line 139
include - APP/Template\Users\index.ctp, line 4
Cake\View\View::_evaluate() - CORE\src\View\View.php, line 834
Cake\View\View::_render() - CORE\src\View\View.php, line 794
Cake\View\View::render() - CORE\src\View\View.php, line 465
Cake\Controller\Controller::render() - CORE\src\Controller\Controller.php, line 582
Cake\Routing\Dispatcher::_invoke() - CORE\src\Routing\Dispatcher.php, line 120
Cake\Routing\Dispatcher::dispatch() - CORE\src\Routing\Dispatcher.php, line 87
[main] - ROOT\webroot\index.php, line 37



2015-07-25 03:44:41 Notice: Notice (8): Undefined variable: user in [C:\wamp\www\miner\src\Template\Users\index.ctp, line 5]
Trace:
Cake\Error\BaseErrorHandler::handleError() - CORE\src\Error\BaseErrorHandler.php, line 139
include - APP/Template\Users\index.ctp, line 5
Cake\View\View::_evaluate() - CORE\src\View\View.php, line 834
Cake\View\View::_render() - CORE\src\View\View.php, line 794
Cake\View\View::render() - CORE\src\View\View.php, line 465
Cake\Controller\Controller::render() - CORE\src\Controller\Controller.php, line 582
Cake\Routing\Dispatcher::_invoke() - CORE\src\Routing\Dispatcher.php, line 120
Cake\Routing\Dispatcher::dispatch() - CORE\src\Routing\Dispatcher.php, line 87
[main] - ROOT\webroot\index.php, line 37



2015-07-25 03:59:35 Notice: Notice (8): Undefined variable: user in [C:\wamp\www\miner\src\Template\Users\index.ctp, line 5]
Trace:
Cake\Error\BaseErrorHandler::handleError() - CORE\src\Error\BaseErrorHandler.php, line 139
include - APP/Template\Users\index.ctp, line 5
Cake\View\View::_evaluate() - CORE\src\View\View.php, line 834
Cake\View\View::_render() - CORE\src\View\View.php, line 794
Cake\View\View::render() - CORE\src\View\View.php, line 465
Cake\Controller\Controller::render() - CORE\src\Controller\Controller.php, line 582
Cake\Routing\Dispatcher::_invoke() - CORE\src\Routing\Dispatcher.php, line 120
Cake\Routing\Dispatcher::dispatch() - CORE\src\Routing\Dispatcher.php, line 87
[main] - ROOT\webroot\index.php, line 37



2015-07-25 03:59:56 Notice: Notice (8): Undefined variable: user in [C:\wamp\www\miner\src\Template\Users\index.ctp, line 5]
Trace:
Cake\Error\BaseErrorHandler::handleError() - CORE\src\Error\BaseErrorHandler.php, line 139
include - APP/Template\Users\index.ctp, line 5
Cake\View\View::_evaluate() - CORE\src\View\View.php, line 834
Cake\View\View::_render() - CORE\src\View\View.php, line 794
Cake\View\View::render() - CORE\src\View\View.php, line 465
Cake\Controller\Controller::render() - CORE\src\Controller\Controller.php, line 582
Cake\Routing\Dispatcher::_invoke() - CORE\src\Routing\Dispatcher.php, line 120
Cake\Routing\Dispatcher::dispatch() - CORE\src\Routing\Dispatcher.php, line 87
[main] - ROOT\webroot\index.php, line 37



2015-07-25 04:02:37 Notice: Notice (8): Undefined variable: user in [C:\wamp\www\miner\src\Template\Users\index.ctp, line 5]
Trace:
Cake\Error\BaseErrorHandler::handleError() - CORE\src\Error\BaseErrorHandler.php, line 139
include - APP/Template\Users\index.ctp, line 5
Cake\View\View::_evaluate() - CORE\src\View\View.php, line 834
Cake\View\View::_render() - CORE\src\View\View.php, line 794
Cake\View\View::render() - CORE\src\View\View.php, line 465
Cake\Controller\Controller::render() - CORE\src\Controller\Controller.php, line 582
Cake\Routing\Dispatcher::_invoke() - CORE\src\Routing\Dispatcher.php, line 120
Cake\Routing\Dispatcher::dispatch() - CORE\src\Routing\Dispatcher.php, line 87
[main] - ROOT\webroot\index.php, line 37



2015-07-25 04:05:29 Notice: Notice (8): Undefined variable: user in [C:\wamp\www\miner\src\Template\Users\index.ctp, line 5]
Trace:
Cake\Error\BaseErrorHandler::handleError() - CORE\src\Error\BaseErrorHandler.php, line 139
include - APP/Template\Users\index.ctp, line 5
Cake\View\View::_evaluate() - CORE\src\View\View.php, line 834
Cake\View\View::_render() - CORE\src\View\View.php, line 794
Cake\View\View::render() - CORE\src\View\View.php, line 465
Cake\Controller\Controller::render() - CORE\src\Controller\Controller.php, line 582
Cake\Routing\Dispatcher::_invoke() - CORE\src\Routing\Dispatcher.php, line 120
Cake\Routing\Dispatcher::dispatch() - CORE\src\Routing\Dispatcher.php, line 87
[main] - ROOT\webroot\index.php, line 37



2015-07-25 04:16:58 Notice: Notice (8): Undefined variable: user in [C:\wamp\www\miner\src\Template\Users\index.ctp, line 4]
Trace:
Cake\Error\BaseErrorHandler::handleError() - CORE\src\Error\BaseErrorHandler.php, line 139
include - APP/Template\Users\index.ctp, line 4
Cake\View\View::_evaluate() - CORE\src\View\View.php, line 834
Cake\View\View::_render() - CORE\src\View\View.php, line 794
Cake\View\View::render() - CORE\src\View\View.php, line 465
Cake\Controller\Controller::render() - CORE\src\Controller\Controller.php, line 582
Cake\Routing\Dispatcher::_invoke() - CORE\src\Routing\Dispatcher.php, line 120
Cake\Routing\Dispatcher::dispatch() - CORE\src\Routing\Dispatcher.php, line 87
[main] - ROOT\webroot\index.php, line 37



2015-07-25 04:18:27 Notice: Notice (8): Undefined variable: user in [C:\wamp\www\miner\src\Template\Users\index.ctp, line 4]
Trace:
Cake\Error\BaseErrorHandler::handleError() - CORE\src\Error\BaseErrorHandler.php, line 139
include - APP/Template\Users\index.ctp, line 4
Cake\View\View::_evaluate() - CORE\src\View\View.php, line 834
Cake\View\View::_render() - CORE\src\View\View.php, line 794
Cake\View\View::render() - CORE\src\View\View.php, line 465
Cake\Controller\Controller::render() - CORE\src\Controller\Controller.php, line 582
Cake\Routing\Dispatcher::_invoke() - CORE\src\Routing\Dispatcher.php, line 120
Cake\Routing\Dispatcher::dispatch() - CORE\src\Routing\Dispatcher.php, line 87
[main] - ROOT\webroot\index.php, line 37



2015-07-25 04:18:43 Notice: Notice (8): Undefined variable: user in [C:\wamp\www\miner\src\Template\Users\index.ctp, line 4]
Trace:
Cake\Error\BaseErrorHandler::handleError() - CORE\src\Error\BaseErrorHandler.php, line 139
include - APP/Template\Users\index.ctp, line 4
Cake\View\View::_evaluate() - CORE\src\View\View.php, line 834
Cake\View\View::_render() - CORE\src\View\View.php, line 794
Cake\View\View::render() - CORE\src\View\View.php, line 465
Cake\Controller\Controller::render() - CORE\src\Controller\Controller.php, line 582
Cake\Routing\Dispatcher::_invoke() - CORE\src\Routing\Dispatcher.php, line 120
Cake\Routing\Dispatcher::dispatch() - CORE\src\Routing\Dispatcher.php, line 87
[main] - ROOT\webroot\index.php, line 37



2015-07-25 04:18:59 Notice: Notice (8): Undefined variable: user in [C:\wamp\www\miner\src\Template\Users\index.ctp, line 4]
Trace:
Cake\Error\BaseErrorHandler::handleError() - CORE\src\Error\BaseErrorHandler.php, line 139
include - APP/Template\Users\index.ctp, line 4
Cake\View\View::_evaluate() - CORE\src\View\View.php, line 834
Cake\View\View::_render() - CORE\src\View\View.php, line 794
Cake\View\View::render() - CORE\src\View\View.php, line 465
Cake\Controller\Controller::render() - CORE\src\Controller\Controller.php, line 582
Cake\Routing\Dispatcher::_invoke() - CORE\src\Routing\Dispatcher.php, line 120
Cake\Routing\Dispatcher::dispatch() - CORE\src\Routing\Dispatcher.php, line 87
[main] - ROOT\webroot\index.php, line 37



