2015-07-22 11:58:55 Error: [Cake\Routing\Exception\MissingControllerException] Controller class BuscarDesenvolvedoresGithub could not be found.
Exception Attributes: array (
  'class' => 'BuscarDesenvolvedoresGithub',
  'plugin' => NULL,
  'prefix' => NULL,
  '_ext' => NULL,
)
Request URL: /miner/buscarDesenvolvedoresGithub
Stack Trace:
#0 C:\wamp\www\miner\webroot\index.php(37): Cake\Routing\Dispatcher->dispatch(Object(Cake\Network\Request), Object(Cake\Network\Response))
#1 {main}


2015-07-22 11:59:10 Error: [Cake\Routing\Exception\MissingControllerException] Controller class BuscarDesenvolvedoresGithub could not be found.
Exception Attributes: array (
  'class' => 'BuscarDesenvolvedoresGithub',
  'plugin' => NULL,
  'prefix' => NULL,
  '_ext' => NULL,
)
Request URL: /miner/buscarDesenvolvedoresGithub/index.ctp
Stack Trace:
#0 C:\wamp\www\miner\webroot\index.php(37): Cake\Routing\Dispatcher->dispatch(Object(Cake\Network\Request), Object(Cake\Network\Response))
#1 {main}


2015-07-22 11:59:54 Error: [Cake\Routing\Exception\MissingControllerException] Controller class BuscarDesenvolvedoresGithub could not be found.
Exception Attributes: array (
  'class' => 'BuscarDesenvolvedoresGithub',
  'plugin' => NULL,
  'prefix' => NULL,
  '_ext' => NULL,
)
Request URL: /miner/buscarDesenvolvedoresGithub
Stack Trace:
#0 C:\wamp\www\miner\webroot\index.php(37): Cake\Routing\Dispatcher->dispatch(Object(Cake\Network\Request), Object(Cake\Network\Response))
#1 {main}


2015-07-22 12:01:06 Error: [Cake\Routing\Exception\MissingControllerException] Controller class BuscarDesenvolvedoresGithub could not be found.
Exception Attributes: array (
  'class' => 'BuscarDesenvolvedoresGithub',
  'plugin' => NULL,
  'prefix' => NULL,
  '_ext' => NULL,
)
Request URL: /miner/buscarDesenvolvedoresGithub
Stack Trace:
#0 C:\wamp\www\miner\webroot\index.php(37): Cake\Routing\Dispatcher->dispatch(Object(Cake\Network\Request), Object(Cake\Network\Response))
#1 {main}


2015-07-22 12:03:37 Error: [Cake\Routing\Exception\MissingControllerException] Controller class BuscarDesenvolvedoresGithub could not be found.
Exception Attributes: array (
  'class' => 'BuscarDesenvolvedoresGithub',
  'plugin' => NULL,
  'prefix' => NULL,
  '_ext' => NULL,
)
Request URL: /miner/buscarDesenvolvedoresGithub
Stack Trace:
#0 C:\wamp\www\miner\webroot\index.php(37): Cake\Routing\Dispatcher->dispatch(Object(Cake\Network\Request), Object(Cake\Network\Response))
#1 {main}


2015-07-22 12:03:42 Error: [Cake\View\Exception\MissingTemplateException] Template file "BuscarDesenvolvedores\index.ctp" is missing.
Exception Attributes: array (
  'file' => 'BuscarDesenvolvedores\\index.ctp',
)
Request URL: /miner/buscarDesenvolvedores
Stack Trace:
#0 C:\wamp\www\miner\vendor\cakephp\cakephp\src\View\View.php(462): Cake\View\View->_getViewFileName(NULL)
#1 C:\wamp\www\miner\vendor\cakephp\cakephp\src\Controller\Controller.php(582): Cake\View\View->render(NULL, NULL)
#2 C:\wamp\www\miner\vendor\cakephp\cakephp\src\Routing\Dispatcher.php(120): Cake\Controller\Controller->render()
#3 C:\wamp\www\miner\vendor\cakephp\cakephp\src\Routing\Dispatcher.php(87): Cake\Routing\Dispatcher->_invoke(Object(App\Controller\BuscarDesenvolvedoresController))
#4 C:\wamp\www\miner\webroot\index.php(37): Cake\Routing\Dispatcher->dispatch(Object(Cake\Network\Request), Object(Cake\Network\Response))
#5 {main}


2015-07-22 12:06:59 Error: [Cake\Controller\Exception\MissingActionException] Action BuscarDesenvolvedoresController::index() could not be found, or is not accessible.
Exception Attributes: array (
  'controller' => 'BuscarDesenvolvedoresController',
  'action' => 'index',
  'prefix' => '',
  'plugin' => NULL,
)
Request URL: /miner/buscarDesenvolvedores
Stack Trace:
#0 C:\wamp\www\miner\vendor\cakephp\cakephp\src\Routing\Dispatcher.php(114): Cake\Controller\Controller->invokeAction()
#1 C:\wamp\www\miner\vendor\cakephp\cakephp\src\Routing\Dispatcher.php(87): Cake\Routing\Dispatcher->_invoke(Object(App\Controller\BuscarDesenvolvedoresController))
#2 C:\wamp\www\miner\webroot\index.php(37): Cake\Routing\Dispatcher->dispatch(Object(Cake\Network\Request), Object(Cake\Network\Response))
#3 {main}


2015-07-22 12:07:46 Error: [Cake\Controller\Exception\MissingActionException] Action BuscarDesenvolvedoresController::index() could not be found, or is not accessible.
Exception Attributes: array (
  'controller' => 'BuscarDesenvolvedoresController',
  'action' => 'index',
  'prefix' => '',
  'plugin' => NULL,
)
Request URL: /miner/buscarDesenvolvedores
Stack Trace:
#0 C:\wamp\www\miner\vendor\cakephp\cakephp\src\Routing\Dispatcher.php(114): Cake\Controller\Controller->invokeAction()
#1 C:\wamp\www\miner\vendor\cakephp\cakephp\src\Routing\Dispatcher.php(87): Cake\Routing\Dispatcher->_invoke(Object(App\Controller\BuscarDesenvolvedoresController))
#2 C:\wamp\www\miner\webroot\index.php(37): Cake\Routing\Dispatcher->dispatch(Object(Cake\Network\Request), Object(Cake\Network\Response))
#3 {main}


2015-07-22 12:10:13 Error: [Cake\Routing\Exception\MissingControllerException] Controller class BuscarDesenvolvedores could not be found.
Exception Attributes: array (
  'class' => 'BuscarDesenvolvedores',
  'plugin' => NULL,
  'prefix' => NULL,
  '_ext' => NULL,
)
Request URL: /miner/buscarDesenvolvedores
Stack Trace:
#0 C:\wamp\www\miner\webroot\index.php(37): Cake\Routing\Dispatcher->dispatch(Object(Cake\Network\Request), Object(Cake\Network\Response))
#1 {main}


2015-07-22 12:31:14 Error: [Cake\Routing\Exception\MissingControllerException] Controller class BuscarDesenvolvedoresGithubqwe could not be found.
Exception Attributes: array (
  'class' => 'BuscarDesenvolvedoresGithubqwe',
  'plugin' => NULL,
  'prefix' => NULL,
  '_ext' => NULL,
)
Request URL: /miner/buscarDesenvolvedoresGithubqwe
Stack Trace:
#0 C:\wamp\www\miner\webroot\index.php(37): Cake\Routing\Dispatcher->dispatch(Object(Cake\Network\Request), Object(Cake\Network\Response))
#1 {main}


2015-07-22 13:02:48 Warning: Warning (2): Missing argument 1 for Cake\View\Helper\FormHelper::input(), called in C:\wamp\www\miner\src\Template\BuscarDesenvolvedoresGithub\index.ctp on line 9 and defined in [C:\wamp\www\miner\vendor\cakephp\cakephp\src\View\Helper\FormHelper.php, line 993]
Trace:
Cake\Error\BaseErrorHandler::handleError() - CORE\src\Error\BaseErrorHandler.php, line 139
Cake\View\Helper\FormHelper::input() - CORE\src\View\Helper\FormHelper.php, line 993
include - APP/Template\BuscarDesenvolvedoresGithub\index.ctp, line 9
Cake\View\View::_evaluate() - CORE\src\View\View.php, line 834
Cake\View\View::_render() - CORE\src\View\View.php, line 794
Cake\View\View::render() - CORE\src\View\View.php, line 465
Cake\Controller\Controller::render() - CORE\src\Controller\Controller.php, line 582
Cake\Routing\Dispatcher::_invoke() - CORE\src\Routing\Dispatcher.php, line 120
Cake\Routing\Dispatcher::dispatch() - CORE\src\Routing\Dispatcher.php, line 87
[main] - ROOT\webroot\index.php, line 37



2015-07-25 01:42:12 Error: Fatal Error (4): syntax error, unexpected ')', expecting ']' in [C:\wamp\www\miner\src\Template\Users\add.ctp, line 10]
Trace:
Cake\Error\BaseErrorHandler::handleFatalError() - CORE\src\Error\BaseErrorHandler.php, line 192
Cake\Error\BaseErrorHandler::Cake\Error\{closure}() - CORE\src\Error\BaseErrorHandler.php, line 91
[main] - [internal], line ??



2015-07-25 01:42:13 Error: [Cake\Error\FatalErrorException] syntax error, unexpected ')', expecting ']'
Request URL: /miner/users/add
Stack Trace:
#0 C:\wamp\www\miner\vendor\cakephp\cakephp\src\Error\BaseErrorHandler.php(91): Cake\Error\BaseErrorHandler->handleFatalError(4, 'syntax error, u...', 'C:\\wamp\\www\\min...', 10)
#1 [internal function]: Cake\Error\BaseErrorHandler->Cake\Error\{closure}()
#2 {main}


2015-07-25 02:28:07 Error: Fatal Error (4): syntax error, unexpected ')', expecting ']' in [C:\wamp\www\miner\src\Template\Users\index.ctp, line 6]
Trace:
Cake\Error\BaseErrorHandler::handleFatalError() - CORE\src\Error\BaseErrorHandler.php, line 192
Cake\Error\BaseErrorHandler::Cake\Error\{closure}() - CORE\src\Error\BaseErrorHandler.php, line 91
[main] - [internal], line ??



2015-07-25 02:28:08 Error: [Cake\Error\FatalErrorException] syntax error, unexpected ')', expecting ']'
Request URL: /miner/users/index
Stack Trace:
#0 C:\wamp\www\miner\vendor\cakephp\cakephp\src\Error\BaseErrorHandler.php(91): Cake\Error\BaseErrorHandler->handleFatalError(4, 'syntax error, u...', 'C:\\wamp\\www\\min...', 6)
#1 [internal function]: Cake\Error\BaseErrorHandler->Cake\Error\{closure}()
#2 {main}


2015-07-25 02:36:22 Error: Fatal Error (4): syntax error, unexpected ']' in [C:\wamp\www\miner\src\Template\Users\index.ctp, line 6]
Trace:
Cake\Error\BaseErrorHandler::handleFatalError() - CORE\src\Error\BaseErrorHandler.php, line 192
Cake\Error\BaseErrorHandler::Cake\Error\{closure}() - CORE\src\Error\BaseErrorHandler.php, line 91
[main] - [internal], line ??



2015-07-25 02:36:22 Error: [Cake\Error\FatalErrorException] syntax error, unexpected ']'
Request URL: /miner/users/index
Stack Trace:
#0 C:\wamp\www\miner\vendor\cakephp\cakephp\src\Error\BaseErrorHandler.php(91): Cake\Error\BaseErrorHandler->handleFatalError(4, 'syntax error, u...', 'C:\\wamp\\www\\min...', 6)
#1 [internal function]: Cake\Error\BaseErrorHandler->Cake\Error\{closure}()
#2 {main}


2015-07-25 02:38:39 Error: [Cake\Controller\Exception\MissingActionException] Action UsersController::login() could not be found, or is not accessible.
Exception Attributes: array (
  'controller' => 'UsersController',
  'action' => 'login',
  'prefix' => '',
  'plugin' => NULL,
)
Request URL: /miner/users/login
Stack Trace:
#0 C:\wamp\www\miner\vendor\cakephp\cakephp\src\Routing\Dispatcher.php(114): Cake\Controller\Controller->invokeAction()
#1 C:\wamp\www\miner\vendor\cakephp\cakephp\src\Routing\Dispatcher.php(87): Cake\Routing\Dispatcher->_invoke(Object(App\Controller\UsersController))
#2 C:\wamp\www\miner\webroot\index.php(37): Cake\Routing\Dispatcher->dispatch(Object(Cake\Network\Request), Object(Cake\Network\Response))
#3 {main}


2015-07-25 02:40:05 Error: Fatal Error (1): Call to a member function identify() on a non-object in [C:\wamp\www\miner\src\Controller\UsersController.php, line 109]
Trace:
Cake\Error\BaseErrorHandler::handleFatalError() - CORE\src\Error\BaseErrorHandler.php, line 192
Cake\Error\BaseErrorHandler::Cake\Error\{closure}() - CORE\src\Error\BaseErrorHandler.php, line 91
[main] - [internal], line ??



2015-07-25 02:40:06 Error: [Cake\Error\FatalErrorException] Call to a member function identify() on a non-object
Request URL: /miner/users/login
Stack Trace:
#0 C:\wamp\www\miner\vendor\cakephp\cakephp\src\Error\BaseErrorHandler.php(91): Cake\Error\BaseErrorHandler->handleFatalError(1, 'Call to a membe...', 'C:\\wamp\\www\\min...', 109)
#1 [internal function]: Cake\Error\BaseErrorHandler->Cake\Error\{closure}()
#2 {main}


2015-07-25 02:41:17 Error: [Cake\Controller\Exception\MissingActionException] Action UsersController::login() could not be found, or is not accessible.
Exception Attributes: array (
  'controller' => 'UsersController',
  'action' => 'login',
  'prefix' => '',
  'plugin' => NULL,
)
Request URL: /miner/users/login
Stack Trace:
#0 C:\wamp\www\miner\vendor\cakephp\cakephp\src\Routing\Dispatcher.php(114): Cake\Controller\Controller->invokeAction()
#1 C:\wamp\www\miner\vendor\cakephp\cakephp\src\Routing\Dispatcher.php(87): Cake\Routing\Dispatcher->_invoke(Object(App\Controller\UsersController))
#2 C:\wamp\www\miner\webroot\index.php(37): Cake\Routing\Dispatcher->dispatch(Object(Cake\Network\Request), Object(Cake\Network\Response))
#3 {main}


2015-07-25 02:43:04 Error: [Cake\Controller\Exception\MissingActionException] Action UsersController::login() could not be found, or is not accessible.
Exception Attributes: array (
  'controller' => 'UsersController',
  'action' => 'login',
  'prefix' => '',
  'plugin' => NULL,
)
Request URL: /miner/users/login
Stack Trace:
#0 C:\wamp\www\miner\vendor\cakephp\cakephp\src\Routing\Dispatcher.php(114): Cake\Controller\Controller->invokeAction()
#1 C:\wamp\www\miner\vendor\cakephp\cakephp\src\Routing\Dispatcher.php(87): Cake\Routing\Dispatcher->_invoke(Object(App\Controller\UsersController))
#2 C:\wamp\www\miner\webroot\index.php(37): Cake\Routing\Dispatcher->dispatch(Object(Cake\Network\Request), Object(Cake\Network\Response))
#3 {main}


2015-07-25 02:45:42 Error: [Cake\Controller\Exception\MissingActionException] Action UsersController::login() could not be found, or is not accessible.
Exception Attributes: array (
  'controller' => 'UsersController',
  'action' => 'login',
  'prefix' => '',
  'plugin' => NULL,
)
Request URL: /miner/users/login
Stack Trace:
#0 C:\wamp\www\miner\vendor\cakephp\cakephp\src\Routing\Dispatcher.php(114): Cake\Controller\Controller->invokeAction()
#1 C:\wamp\www\miner\vendor\cakephp\cakephp\src\Routing\Dispatcher.php(87): Cake\Routing\Dispatcher->_invoke(Object(App\Controller\UsersController))
#2 C:\wamp\www\miner\webroot\index.php(37): Cake\Routing\Dispatcher->dispatch(Object(Cake\Network\Request), Object(Cake\Network\Response))
#3 {main}


2015-07-25 02:45:50 Error: [Cake\Controller\Exception\MissingActionException] Action UsersController::login() could not be found, or is not accessible.
Exception Attributes: array (
  'controller' => 'UsersController',
  'action' => 'login',
  'prefix' => '',
  'plugin' => NULL,
)
Request URL: /miner/users/login
Stack Trace:
#0 C:\wamp\www\miner\vendor\cakephp\cakephp\src\Routing\Dispatcher.php(114): Cake\Controller\Controller->invokeAction()
#1 C:\wamp\www\miner\vendor\cakephp\cakephp\src\Routing\Dispatcher.php(87): Cake\Routing\Dispatcher->_invoke(Object(App\Controller\UsersController))
#2 C:\wamp\www\miner\webroot\index.php(37): Cake\Routing\Dispatcher->dispatch(Object(Cake\Network\Request), Object(Cake\Network\Response))
#3 {main}


2015-07-25 02:46:07 Error: [Cake\View\Exception\MissingTemplateException] Template file "Users\login.ctp" is missing.
Exception Attributes: array (
  'file' => 'Users\\login.ctp',
)
Request URL: /miner/users/login
Stack Trace:
#0 C:\wamp\www\miner\vendor\cakephp\cakephp\src\View\View.php(462): Cake\View\View->_getViewFileName(NULL)
#1 C:\wamp\www\miner\vendor\cakephp\cakephp\src\Controller\Controller.php(582): Cake\View\View->render(NULL, NULL)
#2 C:\wamp\www\miner\vendor\cakephp\cakephp\src\Routing\Dispatcher.php(120): Cake\Controller\Controller->render()
#3 C:\wamp\www\miner\vendor\cakephp\cakephp\src\Routing\Dispatcher.php(87): Cake\Routing\Dispatcher->_invoke(Object(App\Controller\UsersController))
#4 C:\wamp\www\miner\webroot\index.php(37): Cake\Routing\Dispatcher->dispatch(Object(Cake\Network\Request), Object(Cake\Network\Response))
#5 {main}


2015-07-25 02:46:53 Error: [Cake\View\Exception\MissingTemplateException] Template file "Users\login.ctp" is missing.
Exception Attributes: array (
  'file' => 'Users\\login.ctp',
)
Request URL: /miner/users/login
Stack Trace:
#0 C:\wamp\www\miner\vendor\cakephp\cakephp\src\View\View.php(462): Cake\View\View->_getViewFileName(NULL)
#1 C:\wamp\www\miner\vendor\cakephp\cakephp\src\Controller\Controller.php(582): Cake\View\View->render(NULL, NULL)
#2 C:\wamp\www\miner\vendor\cakephp\cakephp\src\Routing\Dispatcher.php(120): Cake\Controller\Controller->render()
#3 C:\wamp\www\miner\vendor\cakephp\cakephp\src\Routing\Dispatcher.php(87): Cake\Routing\Dispatcher->_invoke(Object(App\Controller\UsersController))
#4 C:\wamp\www\miner\webroot\index.php(37): Cake\Routing\Dispatcher->dispatch(Object(Cake\Network\Request), Object(Cake\Network\Response))
#5 {main}


2015-07-25 02:47:14 Error: [Cake\View\Exception\MissingTemplateException] Template file "Users\login.ctp" is missing.
Exception Attributes: array (
  'file' => 'Users\\login.ctp',
)
Request URL: /miner/users/login
Stack Trace:
#0 C:\wamp\www\miner\vendor\cakephp\cakephp\src\View\View.php(462): Cake\View\View->_getViewFileName(NULL)
#1 C:\wamp\www\miner\vendor\cakephp\cakephp\src\Controller\Controller.php(582): Cake\View\View->render(NULL, NULL)
#2 C:\wamp\www\miner\vendor\cakephp\cakephp\src\Routing\Dispatcher.php(120): Cake\Controller\Controller->render()
#3 C:\wamp\www\miner\vendor\cakephp\cakephp\src\Routing\Dispatcher.php(87): Cake\Routing\Dispatcher->_invoke(Object(App\Controller\UsersController))
#4 C:\wamp\www\miner\webroot\index.php(37): Cake\Routing\Dispatcher->dispatch(Object(Cake\Network\Request), Object(Cake\Network\Response))
#5 {main}


2015-07-25 02:47:49 Error: [Cake\Controller\Exception\MissingActionException] Action UsersController::login() could not be found, or is not accessible.
Exception Attributes: array (
  'controller' => 'UsersController',
  'action' => 'login',
  'prefix' => '',
  'plugin' => NULL,
)
Request URL: /miner/users/login
Stack Trace:
#0 C:\wamp\www\miner\vendor\cakephp\cakephp\src\Routing\Dispatcher.php(114): Cake\Controller\Controller->invokeAction()
#1 C:\wamp\www\miner\vendor\cakephp\cakephp\src\Routing\Dispatcher.php(87): Cake\Routing\Dispatcher->_invoke(Object(App\Controller\UsersController))
#2 C:\wamp\www\miner\webroot\index.php(37): Cake\Routing\Dispatcher->dispatch(Object(Cake\Network\Request), Object(Cake\Network\Response))
#3 {main}


2015-07-25 02:48:19 Error: [Cake\Controller\Exception\MissingActionException] Action UsersController::login() could not be found, or is not accessible.
Exception Attributes: array (
  'controller' => 'UsersController',
  'action' => 'login',
  'prefix' => '',
  'plugin' => NULL,
)
Request URL: /miner/users/login
Stack Trace:
#0 C:\wamp\www\miner\vendor\cakephp\cakephp\src\Routing\Dispatcher.php(114): Cake\Controller\Controller->invokeAction()
#1 C:\wamp\www\miner\vendor\cakephp\cakephp\src\Routing\Dispatcher.php(87): Cake\Routing\Dispatcher->_invoke(Object(App\Controller\UsersController))
#2 C:\wamp\www\miner\webroot\index.php(37): Cake\Routing\Dispatcher->dispatch(Object(Cake\Network\Request), Object(Cake\Network\Response))
#3 {main}


2015-07-25 03:11:57 Error: [BadMethodCallException] Unknown method "invalidFields"
Request URL: /miner/users/add
Stack Trace:
#0 C:\wamp\www\miner\src\Controller\UsersController.php(57): Cake\ORM\Table->__call('invalidFields', Array)
#1 C:\wamp\www\miner\src\Controller\UsersController.php(57): App\Model\Table\UsersTable->invalidFields()
#2 [internal function]: App\Controller\UsersController->add()
#3 C:\wamp\www\miner\vendor\cakephp\cakephp\src\Controller\Controller.php(411): call_user_func_array(Array, Array)
#4 C:\wamp\www\miner\vendor\cakephp\cakephp\src\Routing\Dispatcher.php(114): Cake\Controller\Controller->invokeAction()
#5 C:\wamp\www\miner\vendor\cakephp\cakephp\src\Routing\Dispatcher.php(87): Cake\Routing\Dispatcher->_invoke(Object(App\Controller\UsersController))
#6 C:\wamp\www\miner\webroot\index.php(37): Cake\Routing\Dispatcher->dispatch(Object(Cake\Network\Request), Object(Cake\Network\Response))
#7 {main}


2015-07-25 03:29:10 Error: Fatal Error (4): syntax error, unexpected '$this' (T_VARIABLE) in [C:\wamp\www\miner\src\Template\Users\add.ctp, line 10]
Trace:
Cake\Error\BaseErrorHandler::handleFatalError() - CORE\src\Error\BaseErrorHandler.php, line 192
Cake\Error\BaseErrorHandler::Cake\Error\{closure}() - CORE\src\Error\BaseErrorHandler.php, line 91
[main] - [internal], line ??



2015-07-25 03:29:10 Error: [Cake\Error\FatalErrorException] syntax error, unexpected '$this' (T_VARIABLE)
Request URL: /miner/users/add
Stack Trace:
#0 C:\wamp\www\miner\vendor\cakephp\cakephp\src\Error\BaseErrorHandler.php(91): Cake\Error\BaseErrorHandler->handleFatalError(4, 'syntax error, u...', 'C:\\wamp\\www\\min...', 10)
#1 [internal function]: Cake\Error\BaseErrorHandler->Cake\Error\{closure}()
#2 {main}


2015-07-25 04:00:38 Error: Fatal Error (1): Class 'App\Model\Entity\DefaultPasswordHasher' not found in [C:\wamp\www\miner\src\Model\Entity\User.php, line 14]
Trace:
Cake\Error\BaseErrorHandler::handleFatalError() - CORE\src\Error\BaseErrorHandler.php, line 192
Cake\Error\BaseErrorHandler::Cake\Error\{closure}() - CORE\src\Error\BaseErrorHandler.php, line 91
[main] - [internal], line ??



2015-07-25 04:00:38 Error: [Cake\Error\FatalErrorException] Class 'App\Model\Entity\DefaultPasswordHasher' not found
Request URL: /miner/users/add
Stack Trace:
#0 C:\wamp\www\miner\vendor\cakephp\cakephp\src\Error\BaseErrorHandler.php(91): Cake\Error\BaseErrorHandler->handleFatalError(1, 'Class 'App\\Mode...', 'C:\\wamp\\www\\min...', 14)
#1 [internal function]: Cake\Error\BaseErrorHandler->Cake\Error\{closure}()
#2 {main}


